2021-01-25 22:29:33.234 [INFO ] [TestNG-test=Surefire test-1] ListenerPlugin - Test run started at: 2021-01-25T22:29:33.230081300
2021-01-25 22:29:33.533 [INFO ] [TestNG-test=Surefire test-1] ListenerPlugin - Test case started: GetWeatherDetails.feature
2021-01-25 22:29:33.551 [INFO ] [TestNG-test=Surefire test-1] ListenerPlugin - Test Step stepdefinitions.GetWeatherDetails.user_has_the_place_name(java.lang.String) finished
2021-01-25 22:29:35.152 [INFO ] [TestNG-test=Surefire test-1] ListenerPlugin - Test Step stepdefinitions.GetWeatherDetails.user_calls_resource_url_with_http_request(java.lang.String,java.lang.String) finished
2021-01-25 22:29:35.158 [INFO ] [TestNG-test=Surefire test-1] ListenerPlugin - Test Step stepdefinitions.GetWeatherDetails.api_call_is_success_with_status_code(java.lang.String) finished
2021-01-25 22:29:35.519 [INFO ] [TestNG-test=Surefire test-1] ListenerPlugin - Test Step stepdefinitions.GetWeatherDetails.user_calls_to_get_the_place_id(java.lang.String) finished
2021-01-25 22:29:36.213 [INFO ] [TestNG-test=Surefire test-1] ListenerPlugin - Test Step stepdefinitions.GetWeatherDetails.user_get_the_weather_details_of_for(java.lang.String,java.lang.String) finished
2021-01-25 22:29:36.217 [INFO ] [TestNG-test=Surefire test-1] ListenerPlugin - Test case Retreive weather details for "Nottingham" for any date finished
2021-01-25 22:29:36.218 [INFO ] [TestNG-test=Surefire test-1] ListenerPlugin - Pass test Retreive weather details for "Nottingham" for any datePASSED
2021-01-25 22:29:36.243 [INFO ] [TestNG-test=Surefire test-1] ListenerPlugin - Test case started: GetWeatherDetails.feature
2021-01-25 22:29:36.248 [INFO ] [TestNG-test=Surefire test-1] ListenerPlugin - Test Step stepdefinitions.GetWeatherDetails.user_has_the_place_name(java.lang.String) finished
2021-01-25 22:29:36.598 [INFO ] [TestNG-test=Surefire test-1] ListenerPlugin - Test Step stepdefinitions.GetWeatherDetails.user_calls_resource_url_with_http_request(java.lang.String,java.lang.String) finished
2021-01-25 22:29:36.603 [INFO ] [TestNG-test=Surefire test-1] ListenerPlugin - Test Step stepdefinitions.GetWeatherDetails.api_call_is_success_with_status_code(java.lang.String) finished
2021-01-25 22:29:36.630 [INFO ] [TestNG-test=Surefire test-1] ListenerPlugin - Test Step stepdefinitions.GetWeatherDetails.user_calls_to_get_the_place_id(java.lang.String) finished
2021-01-25 22:29:37.442 [INFO ] [TestNG-test=Surefire test-1] ListenerPlugin - Test Step stepdefinitions.GetWeatherDetails.user_get_the_weather_details_of_for(java.lang.String,java.lang.String) finished
2021-01-25 22:29:37.443 [INFO ] [TestNG-test=Surefire test-1] ListenerPlugin - Test case Retreive weather details for "London" for any date finished
2021-01-25 22:29:37.443 [INFO ] [TestNG-test=Surefire test-1] ListenerPlugin - Pass test Retreive weather details for "London" for any datePASSED
2021-01-25 22:29:37.459 [INFO ] [TestNG-test=Surefire test-1] ListenerPlugin - Test case started: GetWeatherDetails.feature
2021-01-25 22:29:37.461 [INFO ] [TestNG-test=Surefire test-1] ListenerPlugin - Test Step stepdefinitions.GetWeatherDetails.user_has_the_place_name(java.lang.String) finished
2021-01-25 22:29:37.616 [INFO ] [TestNG-test=Surefire test-1] ListenerPlugin - Test Step stepdefinitions.GetWeatherDetails.user_calls_resource_url_with_http_request(java.lang.String,java.lang.String) finished
2021-01-25 22:29:37.618 [INFO ] [TestNG-test=Surefire test-1] ListenerPlugin - Test Step stepdefinitions.GetWeatherDetails.api_call_is_success_with_status_code(java.lang.String) finished
2021-01-25 22:29:37.630 [INFO ] [TestNG-test=Surefire test-1] ListenerPlugin - Test Step stepdefinitions.GetWeatherDetails.user_calls_to_get_the_place_id(java.lang.String) finished
2021-01-25 22:29:38.156 [INFO ] [TestNG-test=Surefire test-1] ListenerPlugin - Test Step stepdefinitions.GetWeatherDetails.user_get_the_weather_details_of_for(java.lang.String,java.lang.String) finished
2021-01-25 22:29:38.158 [INFO ] [TestNG-test=Surefire test-1] ListenerPlugin - Test case Retreive weather details for "Oxford" for any date finished
2021-01-25 22:29:38.159 [INFO ] [TestNG-test=Surefire test-1] ListenerPlugin - Pass test Retreive weather details for "Oxford" for any datePASSED
2021-01-25 22:29:38.179 [INFO ] [TestNG-test=Surefire test-1] ListenerPlugin - Test case started: VerifyPlaceID.feature
2021-01-25 22:29:38.182 [INFO ] [TestNG-test=Surefire test-1] ListenerPlugin - Test Step stepdefinitions.GetWeatherDetails.user_has_the_place_name(java.lang.String) finished
2021-01-25 22:29:38.544 [INFO ] [TestNG-test=Surefire test-1] ListenerPlugin - Test Step stepdefinitions.GetWeatherDetails.user_calls_resource_url_with_http_request(java.lang.String,java.lang.String) finished
2021-01-25 22:29:38.631 [INFO ] [TestNG-test=Surefire test-1] ListenerPlugin - Test Step stepdefinitions.GetWeatherDetails.verify_count_is_equal_to_for_the_given_place(java.lang.String,int) finished
2021-01-25 22:29:38.639 [INFO ] [TestNG-test=Surefire test-1] ListenerPlugin - Test case Verify the duplicacy of PlaceID for "Birmingham" finished
2021-01-25 22:29:38.641 [INFO ] [TestNG-test=Surefire test-1] ListenerPlugin - Failed test Verify the duplicacy of PlaceID for "Birmingham"expected [true] but found [false]
2021-01-25 22:29:38.677 [INFO ] [TestNG-test=Surefire test-1] ListenerPlugin - Test case started: VerifyPlaceID.feature
2021-01-25 22:29:38.680 [INFO ] [TestNG-test=Surefire test-1] ListenerPlugin - Test Step stepdefinitions.GetWeatherDetails.user_has_the_place_name(java.lang.String) finished
2021-01-25 22:29:38.874 [INFO ] [TestNG-test=Surefire test-1] ListenerPlugin - Test Step stepdefinitions.GetWeatherDetails.user_calls_resource_url_with_http_request(java.lang.String,java.lang.String) finished
2021-01-25 22:29:38.892 [INFO ] [TestNG-test=Surefire test-1] ListenerPlugin - Test Step stepdefinitions.GetWeatherDetails.verify_count_is_equal_to_for_the_given_place(java.lang.String,int) finished
2021-01-25 22:29:38.892 [INFO ] [TestNG-test=Surefire test-1] ListenerPlugin - Test case Verify the duplicacy of PlaceID for "Swindon" finished
2021-01-25 22:29:38.893 [INFO ] [TestNG-test=Surefire test-1] ListenerPlugin - Pass test Verify the duplicacy of PlaceID for "Swindon"PASSED
2021-01-25 22:29:40.885 [INFO ] [TestNG-test=Surefire test-1] ListenerPlugin - Test Run FAILED finished
